<?xml version="1.0" encoding="UTF-8"?>
<testsuites>
<testsuite timestamp="2026-06-09T00:48:54" hostname="cfda5206dcc2" package="veri" id="0" name="taskcover" tests="2" errors="0" failures="0" time="0" skipped="1">
<properties>
<property name="os" value="Linux"/>
<property name="expect" value="PASS"/>
<property name="status" value="PASS"/>
</properties>
<testcase classname="taskcover" name="build execution" time="0">
</testcase>
<testcase classname="taskcover" name="Property ASSERT in rising_edge_detect at rising_edge_detect.v:43.13-43.39" time="0" type="ASSERT" location="rising_edge_detect.v:43.13-43.39" id="_b_01_">
<skipped />
</testcase>
<testcase classname="taskcover" name="Property COVER in rising_edge_detect at rising_edge_detect.v:33.10-33.36" time="0" type="COVER" location="rising_edge_detect.v:33.10-33.36" id="_c_01_" tracefile="engine_0/trace0.vcd">
</testcase>
<system-out>SBY  0:48:54 [veri_taskcover] Removing directory '/foss/designs/project/test/veri_taskcover'.
SBY  0:48:54 [veri_taskcover] Copy '/foss/designs/project/test/../src/rising_edge_detect.v' to '/foss/designs/project/test/veri_taskcover/src/rising_edge_detect.v'.
SBY  0:48:54 [veri_taskcover] engine_0: smtbmc
SBY  0:48:54 [veri_taskcover] base: starting process &quot;cd veri_taskcover/src; yosys -ql ../model/design.log ../model/design.ys&quot;
SBY  0:48:54 [veri_taskcover] base: finished (returncode=0)
SBY  0:48:54 [veri_taskcover] prep: starting process &quot;cd veri_taskcover/model; yosys -ql design_prep.log design_prep.ys&quot;
SBY  0:48:54 [veri_taskcover] prep: finished (returncode=0)
SBY  0:48:54 [veri_taskcover] smt2: starting process &quot;cd veri_taskcover/model; yosys -ql design_smt2.log design_smt2.ys&quot;
SBY  0:48:54 [veri_taskcover] smt2: finished (returncode=0)
SBY  0:48:54 [veri_taskcover] engine_0: starting process &quot;cd veri_taskcover; yosys-smtbmc --presat --unroll -c --noprogress -t 100  --append 0 --dump-vcd engine_0/trace%.vcd --dump-yw engine_0/trace%.yw --dump-vlogtb engine_0/trace%_tb.v --dump-smtc engine_0/trace%.smtc model/design_smt2.smt2&quot;
SBY  0:48:54 [veri_taskcover] engine_0: ##   0:00:00  Solver: yices
SBY  0:48:54 [veri_taskcover] engine_0: ##   0:00:00  Checking cover reachability in step 0..
SBY  0:48:54 [veri_taskcover] engine_0: ##   0:00:00  Checking cover reachability in step 1..
SBY  0:48:54 [veri_taskcover] engine_0: ##   0:00:00  Checking cover reachability in step 2..
SBY  0:48:54 [veri_taskcover] engine_0: ##   0:00:00  Reached cover statement in step 2 at rising_edge_detect: _c_01_
SBY  0:48:54 [veri_taskcover] engine_0: ##   0:00:00  Writing trace to VCD file: engine_0/trace0.vcd
SBY  0:48:54 [veri_taskcover] engine_0: ##   0:00:00  Writing trace to Verilog testbench: engine_0/trace0_tb.v
SBY  0:48:54 [veri_taskcover] engine_0: ##   0:00:00  Writing trace to constraints file: engine_0/trace0.smtc
SBY  0:48:54 [veri_taskcover] engine_0: ##   0:00:00  Writing trace to Yosys witness file: engine_0/trace0.yw
SBY  0:48:54 [veri_taskcover] engine_0: ##   0:00:00  Status: passed
SBY  0:48:54 [veri_taskcover] engine_0: finished (returncode=0)
SBY  0:48:54 [veri_taskcover] engine_0: Status returned by engine: pass
SBY  0:48:54 [veri_taskcover] summary: Elapsed clock time [H:MM:SS (secs)]: 0:00:00 (0)
SBY  0:48:54 [veri_taskcover] summary: Elapsed process time [H:MM:SS (secs)]: 0:00:00 (0)
SBY  0:48:54 [veri_taskcover] summary: engine_0 (smtbmc) returned pass
SBY  0:48:54 [veri_taskcover] summary: cover trace: veri_taskcover/engine_0/trace0.vcd
SBY  0:48:54 [veri_taskcover] summary:   reached cover statement rising_edge_detect._c_01_ at rising_edge_detect.v:33.10-33.36 step 2
SBY  0:48:54 [veri_taskcover] DONE (PASS, rc=0)
</system-out>
<system-err>
</system-err>
</testsuite>
</testsuites>
